<?xml version="1.0" encoding="UTF-8" ?>
<testsuite tests="7" failures="0" name="com.shop.shoppingcart.CategoryDAOTestCase" time="27.865" errors="0" skipped="6">
  <properties>
[...]
</properties>
  <testcase classname="com.shop.shoppingcart.CategoryDAOTestCase" name="deleteCategoryFailureTestCase" time="4.54">
    <skipped/>
    <system-out>Data Source bean build
Session Factory bean build
Transaction Manager bean build
</system-out>
    <system-err>Mar 15, 2018 3:32:38 PM org.springframework.context.support.AbstractApplicationContext prepareRefresh
INFO: Refreshing org.springframework.context.annotation.AnnotationConfigApplicationContext@1d251891: startup date [Thu Mar 15 15:32:38 IST 2018]; root of context hierarchy
Mar 15, 2018 3:32:39 PM org.springframework.beans.factory.support.DefaultListableBeanFactory registerBeanDefinition
INFO: Overriding bean definition for bean &apos;userDAO&apos; with a different definition: replacing [Generic bean: class [com.shop.daoimpl.UserDAOImpl]; scope=singleton; abstract=false; lazyInit=false; autowireMode=0; dependencyCheck=0; autowireCandidate=true; primary=false; factoryBeanName=null; factoryMethodName=null; initMethodName=null; destroyMethodName=null; defined in file [C:\Users\Gauri Gaur\eclipse-workspace\ECommProject2\ShoppingCartBackEnd\target\classes\com\shop\daoimpl\UserDAOImpl.class]] with [Root bean: class [null]; scope=; abstract=false; lazyInit=false; autowireMode=3; dependencyCheck=0; autowireCandidate=true; primary=false; factoryBeanName=applicationContextConfig; factoryMethodName=getUserDAO; initMethodName=null; destroyMethodName=(inferred); defined in com.shop.config.ApplicationContextConfig]
Mar 15, 2018 3:32:39 PM org.springframework.jdbc.datasource.DriverManagerDataSource setDriverClassName
INFO: Loaded JDBC driver: org.h2.Driver
Mar 15, 2018 3:32:39 PM org.hibernate.Version logVersion
INFO: HHH000412: Hibernate Core {5.2.13.Final}
Mar 15, 2018 3:32:39 PM org.hibernate.cfg.Environment &lt;clinit&gt;
INFO: HHH000206: hibernate.properties not found
Mar 15, 2018 3:32:40 PM org.hibernate.annotations.common.reflection.java.JavaReflectionManager &lt;clinit&gt;
INFO: HCANN000001: Hibernate Commons Annotations {5.0.1.Final}
Mar 15, 2018 3:32:40 PM org.hibernate.dialect.Dialect &lt;init&gt;
INFO: HHH000400: Using dialect: org.hibernate.dialect.H2Dialect
Mar 15, 2018 3:32:42 PM org.springframework.orm.hibernate5.HibernateTransactionManager afterPropertiesSet
INFO: Using DataSource [org.springframework.jdbc.datasource.DriverManagerDataSource@37ceb1df] of Hibernate SessionFactory for HibernateTransactionManager
</system-err>
  </testcase>
  <testcase classname="com.shop.shoppingcart.CategoryDAOTestCase" name="deleteCategorySuccessTestCase" time="4.54">
    <skipped/>
  </testcase>
  <testcase classname="com.shop.shoppingcart.CategoryDAOTestCase" name="updateCategoryTestCase" time="4.54">
    <skipped/>
  </testcase>
  <testcase classname="com.shop.shoppingcart.CategoryDAOTestCase" name="saveCategoryTestCase" time="4.54">
    <skipped/>
  </testcase>
  <testcase classname="com.shop.shoppingcart.CategoryDAOTestCase" name="getCategoryFailureTestCase" time="4.54">
    <skipped/>
  </testcase>
  <testcase classname="com.shop.shoppingcart.CategoryDAOTestCase" name="getCategorySuccessTestCase" time="4.54">
    <skipped/>
  </testcase>
  <testcase classname="com.shop.shoppingcart.CategoryDAOTestCase" name="getAllCategoriesTestCase" time="0.625"/>
</testsuite>