<?xml version="1.0" encoding="UTF-8" ?>
<testsuite tests="8" failures="0" name="com.shop.shoppingcart.UserDAOTestCase" time="0.954" errors="0" skipped="6">
  <properties>
[...]
</properties>
  <testcase classname="com.shop.shoppingcart.UserDAOTestCase" name="deleteUserFailureTestCase" time="0.344">
    <skipped/>
    <system-out>Data Source bean build
Session Factory bean build
Transaction Manager bean build
</system-out>
    <system-err>Mar 15, 2018 3:32:44 PM org.springframework.context.support.AbstractApplicationContext prepareRefresh
INFO: Refreshing org.springframework.context.annotation.AnnotationConfigApplicationContext@77c7ed8e: startup date [Thu Mar 15 15:32:44 IST 2018]; root of context hierarchy
Mar 15, 2018 3:32:45 PM org.springframework.beans.factory.support.DefaultListableBeanFactory registerBeanDefinition
INFO: Overriding bean definition for bean &apos;userDAO&apos; with a different definition: replacing [Generic bean: class [com.shop.daoimpl.UserDAOImpl]; scope=singleton; abstract=false; lazyInit=false; autowireMode=0; dependencyCheck=0; autowireCandidate=true; primary=false; factoryBeanName=null; factoryMethodName=null; initMethodName=null; destroyMethodName=null; defined in file [C:\Users\Gauri Gaur\eclipse-workspace\ECommProject2\ShoppingCartBackEnd\target\classes\com\shop\daoimpl\UserDAOImpl.class]] with [Root bean: class [null]; scope=; abstract=false; lazyInit=false; autowireMode=3; dependencyCheck=0; autowireCandidate=true; primary=false; factoryBeanName=applicationContextConfig; factoryMethodName=getUserDAO; initMethodName=null; destroyMethodName=(inferred); defined in com.shop.config.ApplicationContextConfig]
Mar 15, 2018 3:32:45 PM org.springframework.jdbc.datasource.DriverManagerDataSource setDriverClassName
INFO: Loaded JDBC driver: org.h2.Driver
Mar 15, 2018 3:32:45 PM org.hibernate.dialect.Dialect &lt;init&gt;
INFO: HHH000400: Using dialect: org.hibernate.dialect.H2Dialect
Mar 15, 2018 3:32:45 PM org.springframework.orm.hibernate5.HibernateTransactionManager afterPropertiesSet
INFO: Using DataSource [org.springframework.jdbc.datasource.DriverManagerDataSource@3f672204] of Hibernate SessionFactory for HibernateTransactionManager
</system-err>
  </testcase>
  <testcase classname="com.shop.shoppingcart.UserDAOTestCase" name="getUserFailureTest" time="0.344">
    <skipped/>
  </testcase>
  <testcase classname="com.shop.shoppingcart.UserDAOTestCase" name="getAllUsersTestCase" time="0.031"/>
  <testcase classname="com.shop.shoppingcart.UserDAOTestCase" name="validateUserTestCase" time="0.047"/>
  <testcase classname="com.shop.shoppingcart.UserDAOTestCase" name="saveUserTestCase" time="0.047">
    <skipped/>
  </testcase>
  <testcase classname="com.shop.shoppingcart.UserDAOTestCase" name="deleteUserTestCase" time="0.047">
    <skipped/>
  </testcase>
  <testcase classname="com.shop.shoppingcart.UserDAOTestCase" name="getUserSuccessTestCase" time="0.047">
    <skipped/>
  </testcase>
  <testcase classname="com.shop.shoppingcart.UserDAOTestCase" name="updateUserTestCase" time="0.047">
    <skipped/>
  </testcase>
</testsuite>